19:08:10: Creating resource group General
19:08:10: Creating resource group Internal
19:08:10: Creating resource group Autodetect
19:08:10: SceneManagerFactory for type 'DefaultSceneManager' registered.
19:08:10: Registering ResourceManager for type Material
19:08:10: Registering ResourceManager for type Mesh
19:08:10: Registering ResourceManager for type Skeleton
19:08:10: MovableObjectFactory for type 'ParticleSystem' registered.
19:08:10: OverlayElementFactory for type Panel registered.
19:08:10: OverlayElementFactory for type BorderPanel registered.
19:08:10: OverlayElementFactory for type TextArea registered.
19:08:10: Registering ResourceManager for type Font
19:08:10: ArchiveFactory for archive type FileSystem registered.
19:08:10: ArchiveFactory for archive type Zip registered.
19:08:10: FreeImage version: 3.10.0
19:08:10: This program uses FreeImage, a free, open source image library supporting all common bitmap formats. See http://freeimage.sourceforge.net for details
19:08:10: Supported formats: bmp,ico,jpg,jif,jpeg,jpe,jng,koa,iff,lbm,mng,pbm,pbm,pcd,pcx,pgm,pgm,png,ppm,ppm,ras,tga,targa,tif,tiff,wap,wbmp,wbm,psd,cut,xbm,xpm,gif,hdr,g3,sgi,exr,j2k,j2c,jp2
19:08:10: DDS codec registering
19:08:10: Registering ResourceManager for type HighLevelGpuProgram
19:08:10: Registering ResourceManager for type Compositor
19:08:10: MovableObjectFactory for type 'Entity' registered.
19:08:10: MovableObjectFactory for type 'Light' registered.
19:08:10: MovableObjectFactory for type 'BillboardSet' registered.
19:08:10: MovableObjectFactory for type 'ManualObject' registered.
19:08:10: MovableObjectFactory for type 'BillboardChain' registered.
19:08:10: MovableObjectFactory for type 'RibbonTrail' registered.
19:08:10: Loading library ./RenderSystem_Direct3D9.dll
19:08:10: Installing plugin: D3D9 RenderSystem
19:08:10: D3D9 : Direct3D9 Rendering Subsystem created.
19:08:10: D3D9: Driver Detection Starts
19:08:10: D3D9: Driver Detection Ends
19:08:11: Plugin successfully installed
19:08:11: *-*-* OGRE Initialising
19:08:11: *-*-* Version 1.4.6 (Eihort)
19:08:11: OGRE EXCEPTION(6:FileNotFoundException): 'Graphics.cfg' file not found! in ConfigFile::load at ..\src\OgreConfigFile.cpp (line 84)
19:08:11: OGRE EXCEPTION(6:FileNotFoundException): 'Graphics.cfg' file not found! in ConfigFile::load at ..\src\OgreConfigFile.cpp (line 84)
